{"devicePlatform":"","logFolder":"D:\\work\\KatalonAcropliaWeb\\Reports\\TC1\\20180702_134509","runData":{"hostName":"Karina - Envy-6","os":"Windows 8.1 64bit","katalonVersion":"5.4.2.1","browser":"Chrome 67.0.3396.99","hostAddress":"192.168.0.104","sessionId":"a7453e9b6dd8d1cf4841eee17d2395fd","seleniumVersion":"3.7.1","proxyInformation":"ProxyInformation{proxyOption\u003dNO_PROXY, proxyServerType\u003dHTTP, password\u003d, proxyServerAddress\u003d, proxyServerPort\u003d0}","platform":"Windows 8.1"},"type":"TEST_SUITE","name":"TC1","id":"Test Suites/TC1","source":"","message":"Test Cases/OpenProfilePage FAILED because (of) Unable to click on object \u0027Object Repository/Dashboard/userFoto\u0027 (Root cause: org.openqa.selenium.WebDriverException: unknown error: Element \u003cdiv class\u003d\"Fb-I\" title\u003d\"Auto QA\" data-xpath\u003d\"header-profile-img\" style\u003d\"background-image: url(\u0026quot;https://dtckk9d3u5sj1.cloudfront.net/h60_max_w60/a6b455cd-ecfb-4b5e-bb4a-634d9fd19a2f\u0026quot;);\"\u003e\u003c/div\u003e is not clickable at point (998, 34). Other element would receive the click: \u003chtml class\u003d\"no-js\" lang\u003d\"en\" data-reactroot\u003d\"\"\u003e...\u003c/html\u003e\n  (Session info: chrome\u003d67.0.3396.99)\n  (Driver info: chromedriver\u003d2.35.528161 (5b82f2d2aae0ca24b877009200ced9065a772e73),platform\u003dWindows NT 6.3.9600 x86_64) (WARNING: The server did not provide any stacktrace information)\nCommand duration or timeout: 0 milliseconds\nBuild info: version: \u00273.7.1\u0027, revision: \u00278a0099a\u0027, time: \u00272017-11-06T21:07:36.161Z\u0027\nSystem info: host: \u0027ENVY-6\u0027, ip: \u0027192.168.0.104\u0027, os.name: \u0027Windows 8.1\u0027, os.arch: \u0027amd64\u0027, os.version: \u00276.3\u0027, java.version: \u00271.8.0_102\u0027\nDriver info: com.kms.katalon.selenium.driver.CChromeDriver\nCapabilities {acceptInsecureCerts: false, acceptSslCerts: false, applicationCacheEnabled: false, browserConnectionEnabled: false, browserName: chrome, chrome: {chromedriverVersion: 2.35.528161 (5b82f2d2aae0ca..., userDataDir: C:\\Users\\Karina\\AppData\\Loc...}, cssSelectorsEnabled: true, databaseEnabled: false, handlesAlerts: true, hasTouchScreen: false, javascriptEnabled: true, locationContextEnabled: true, mobileEmulationEnabled: false, nativeEvents: true, networkConnectionEnabled: false, pageLoadStrategy: normal, platform: XP, platformName: XP, rotatable: false, setWindowRect: true, takesHeapSnapshot: true, takesScreenshot: true, unexpectedAlertBehaviour: , unhandledPromptBehavior: , version: 67.0.3396.99, webStorageEnabled: true}\nSession ID: a7453e9b6dd8d1cf4841eee17d2395fd)","description":"","startTime":1530528311475,"endTime":1530528327388,"childRecords":[{"isOptional":false,"type":"TEST_CASE","name":"Test Cases/LogIn/LogIn_with_correct_data","id":"Test Cases/LogIn/LogIn_with_correct_data","source":"D:\\\\work\\\\KatalonAcropliaWeb\\\\Test Cases\\\\LogIn\\\\LogIn_with_correct_data.tc","message":"Test Cases/LogIn/LogIn_with_correct_data","description":"","startTime":1530528311906,"endTime":1530528325018,"childRecords":[{"testStatus":{"stackTrace":"","statusValue":"INFO"},"type":"MESSAGE","name":"","message":"Evaluating variables for test case","startTime":1530528311946,"endTime":0,"childRecords":[],"interuppted":false},{"index":1,"isIgnoredIfFailed":false,"type":"TEST_STEP","name":"openBrowser","message":"Browser is opened with url: \u0027https://app-dev.acroplia.com\u0027","description":"","startTime":1530528312334,"endTime":1530528320834,"childRecords":[{"testStatus":{"stackTrace":"","statusValue":"PASSED"},"type":"MESSAGE","name":"","message":"Browser is opened with url: \u0027https://app-dev.acroplia.com\u0027","startTime":1530528320833,"endTime":0,"childRecords":[],"interuppted":false}],"interuppted":false},{"index":2,"isIgnoredIfFailed":false,"type":"TEST_STEP","name":"verifyElementPresent","message":"Object \u0027Object Repository/HomePage/btn_openSignInform\u0027 is present","description":"","startTime":1530528320835,"endTime":1530528320976,"childRecords":[{"testStatus":{"stackTrace":"","statusValue":"PASSED"},"type":"MESSAGE","name":"","message":"Object \u0027Object Repository/HomePage/btn_openSignInform\u0027 is present","startTime":1530528320975,"endTime":0,"childRecords":[],"interuppted":false}],"interuppted":false},{"index":3,"isIgnoredIfFailed":false,"type":"TEST_STEP","name":"click","message":"Object: \u0027Object Repository/HomePage/btn_openSignInform\u0027 is clicked on","description":"","startTime":1530528320977,"endTime":1530528321312,"childRecords":[{"testStatus":{"stackTrace":"","statusValue":"PASSED"},"type":"MESSAGE","name":"","message":"Object: \u0027Object Repository/HomePage/btn_openSignInform\u0027 is clicked on","startTime":1530528321309,"endTime":0,"childRecords":[],"interuppted":false}],"interuppted":false},{"index":4,"isIgnoredIfFailed":false,"type":"TEST_STEP","name":"waitForElementPresent","message":"Object \u0027Object Repository/AuthenticationForm/SignIn/SignInForm\u0027 is present","description":"","startTime":1530528321313,"endTime":1530528321666,"childRecords":[{"testStatus":{"stackTrace":"","statusValue":"PASSED"},"type":"MESSAGE","name":"","message":"Object \u0027Object Repository/AuthenticationForm/SignIn/SignInForm\u0027 is present","startTime":1530528321665,"endTime":0,"childRecords":[],"interuppted":false}],"interuppted":false},{"index":5,"isIgnoredIfFailed":false,"type":"TEST_STEP","name":"click","message":"Object: \u0027Object Repository/AuthenticationForm/SignIn/input_email\u0027 is clicked on","description":"","startTime":1530528321666,"endTime":1530528322029,"childRecords":[{"testStatus":{"stackTrace":"","statusValue":"PASSED"},"type":"MESSAGE","name":"","message":"Object: \u0027Object Repository/AuthenticationForm/SignIn/input_email\u0027 is clicked on","startTime":1530528322028,"endTime":0,"childRecords":[],"interuppted":false}],"interuppted":false},{"index":6,"isIgnoredIfFailed":false,"type":"TEST_STEP","name":"setText","message":"Text \u0027avtotest@acroplia.com\u0027 is set on object \u0027Object Repository/AuthenticationForm/SignIn/input_email\u0027","description":"","startTime":1530528322029,"endTime":1530528323282,"childRecords":[{"testStatus":{"stackTrace":"","statusValue":"PASSED"},"type":"MESSAGE","name":"","message":"Text \u0027avtotest@acroplia.com\u0027 is set on object \u0027Object Repository/AuthenticationForm/SignIn/input_email\u0027","startTime":1530528323281,"endTime":0,"childRecords":[],"interuppted":false}],"interuppted":false},{"index":7,"isIgnoredIfFailed":false,"type":"TEST_STEP","name":"click","message":"Object: \u0027Object Repository/AuthenticationForm/SignIn/btn_nextStep\u0027 is clicked on","description":"","startTime":1530528323283,"endTime":1530528323479,"childRecords":[{"testStatus":{"stackTrace":"","statusValue":"PASSED"},"type":"MESSAGE","name":"","message":"Object: \u0027Object Repository/AuthenticationForm/SignIn/btn_nextStep\u0027 is clicked on","startTime":1530528323478,"endTime":0,"childRecords":[],"interuppted":false}],"interuppted":false},{"index":8,"isIgnoredIfFailed":false,"type":"TEST_STEP","name":"waitForElementPresent","message":"Object \u0027Object Repository/AuthenticationForm/SignIn/Step2_message\u0027 is present","description":"","startTime":1530528323479,"endTime":1530528324036,"childRecords":[{"testStatus":{"stackTrace":"","statusValue":"PASSED"},"type":"MESSAGE","name":"","message":"Object \u0027Object Repository/AuthenticationForm/SignIn/Step2_message\u0027 is present","startTime":1530528324035,"endTime":0,"childRecords":[],"interuppted":false}],"interuppted":false},{"index":9,"isIgnoredIfFailed":false,"type":"TEST_STEP","name":"setText","message":"Text \u0027123456\u0027 is set on object \u0027Object Repository/AuthenticationForm/SignIn/input_password\u0027","description":"","startTime":1530528324037,"endTime":1530528324233,"childRecords":[{"testStatus":{"stackTrace":"","statusValue":"PASSED"},"type":"MESSAGE","name":"","message":"Text \u0027123456\u0027 is set on object \u0027Object Repository/AuthenticationForm/SignIn/input_password\u0027","startTime":1530528324232,"endTime":0,"childRecords":[],"interuppted":false}],"interuppted":false},{"index":10,"isIgnoredIfFailed":false,"type":"TEST_STEP","name":"click","message":"Object: \u0027Object Repository/AuthenticationForm/SignIn/btn_SignIn\u0027 is clicked on","description":"","startTime":1530528324233,"endTime":1530528324368,"childRecords":[{"testStatus":{"stackTrace":"","statusValue":"PASSED"},"type":"MESSAGE","name":"","message":"Object: \u0027Object Repository/AuthenticationForm/SignIn/btn_SignIn\u0027 is clicked on","startTime":1530528324367,"endTime":0,"childRecords":[],"interuppted":false}],"interuppted":false},{"index":11,"isIgnoredIfFailed":false,"type":"TEST_STEP","name":"waitForPageLoad","message":"Wait for page load successfully","description":"","startTime":1530528324369,"endTime":1530528324442,"childRecords":[{"testStatus":{"stackTrace":"","statusValue":"PASSED"},"type":"MESSAGE","name":"","message":"Wait for page load successfully","startTime":1530528324441,"endTime":0,"childRecords":[],"interuppted":false}],"interuppted":false},{"index":12,"isIgnoredIfFailed":false,"type":"TEST_STEP","name":"verifyElementPresent","message":"Object \u0027Object Repository/Dashboard/userFoto\u0027 is present","description":"","startTime":1530528324442,"endTime":1530528325016,"childRecords":[{"testStatus":{"stackTrace":"","statusValue":"PASSED"},"type":"MESSAGE","name":"","message":"Object \u0027Object Repository/Dashboard/userFoto\u0027 is present","startTime":1530528325016,"endTime":0,"childRecords":[],"interuppted":false}],"interuppted":false},{"testStatus":{"stackTrace":"","statusValue":"PASSED"},"type":"MESSAGE","name":"","message":"Test Cases/LogIn/LogIn_with_correct_data","startTime":1530528325017,"endTime":0,"childRecords":[],"interuppted":false}],"interuppted":false},{"isOptional":false,"type":"TEST_CASE","name":"Test Cases/OpenProfilePage","id":"Test Cases/OpenProfilePage","source":"D:\\\\work\\\\KatalonAcropliaWeb\\\\Test Cases\\\\OpenProfilePage.tc","message":"Test Cases/OpenProfilePage FAILED because (of) Unable to click on object \u0027Object Repository/Dashboard/userFoto\u0027 (Root cause: org.openqa.selenium.WebDriverException: unknown error: Element \u003cdiv class\u003d\"Fb-I\" title\u003d\"Auto QA\" data-xpath\u003d\"header-profile-img\" style\u003d\"background-image: url(\u0026quot;https://dtckk9d3u5sj1.cloudfront.net/h60_max_w60/a6b455cd-ecfb-4b5e-bb4a-634d9fd19a2f\u0026quot;);\"\u003e\u003c/div\u003e is not clickable at point (998, 34). Other element would receive the click: \u003chtml class\u003d\"no-js\" lang\u003d\"en\" data-reactroot\u003d\"\"\u003e...\u003c/html\u003e\n  (Session info: chrome\u003d67.0.3396.99)\n  (Driver info: chromedriver\u003d2.35.528161 (5b82f2d2aae0ca24b877009200ced9065a772e73),platform\u003dWindows NT 6.3.9600 x86_64) (WARNING: The server did not provide any stacktrace information)\nCommand duration or timeout: 0 milliseconds\nBuild info: version: \u00273.7.1\u0027, revision: \u00278a0099a\u0027, time: \u00272017-11-06T21:07:36.161Z\u0027\nSystem info: host: \u0027ENVY-6\u0027, ip: \u0027192.168.0.104\u0027, os.name: \u0027Windows 8.1\u0027, os.arch: \u0027amd64\u0027, os.version: \u00276.3\u0027, java.version: \u00271.8.0_102\u0027\nDriver info: com.kms.katalon.selenium.driver.CChromeDriver\nCapabilities {acceptInsecureCerts: false, acceptSslCerts: false, applicationCacheEnabled: false, browserConnectionEnabled: false, browserName: chrome, chrome: {chromedriverVersion: 2.35.528161 (5b82f2d2aae0ca..., userDataDir: C:\\Users\\Karina\\AppData\\Loc...}, cssSelectorsEnabled: true, databaseEnabled: false, handlesAlerts: true, hasTouchScreen: false, javascriptEnabled: true, locationContextEnabled: true, mobileEmulationEnabled: false, nativeEvents: true, networkConnectionEnabled: false, pageLoadStrategy: normal, platform: XP, platformName: XP, rotatable: false, setWindowRect: true, takesHeapSnapshot: true, takesScreenshot: true, unexpectedAlertBehaviour: , unhandledPromptBehavior: , version: 67.0.3396.99, webStorageEnabled: true}\nSession ID: a7453e9b6dd8d1cf4841eee17d2395fd)","description":"","startTime":1530528325021,"endTime":1530528325970,"childRecords":[{"testStatus":{"stackTrace":"","statusValue":"INFO"},"type":"MESSAGE","name":"","message":"Evaluating variables for test case","startTime":1530528325034,"endTime":0,"childRecords":[],"interuppted":false},{"attachment":"1530528325379.png","index":1,"isIgnoredIfFailed":false,"type":"TEST_STEP","name":"click","message":"Unable to click on object \u0027Object Repository/Dashboard/userFoto\u0027 (Root cause: org.openqa.selenium.WebDriverException: unknown error: Element \u003cdiv class\u003d\"Fb-I\" title\u003d\"Auto QA\" data-xpath\u003d\"header-profile-img\" style\u003d\"background-image: url(\u0026quot;https://dtckk9d3u5sj1.cloudfront.net/h60_max_w60/a6b455cd-ecfb-4b5e-bb4a-634d9fd19a2f\u0026quot;);\"\u003e\u003c/div\u003e is not clickable at point (998, 34). Other element would receive the click: \u003chtml class\u003d\"no-js\" lang\u003d\"en\" data-reactroot\u003d\"\"\u003e...\u003c/html\u003e\n  (Session info: chrome\u003d67.0.3396.99)\n  (Driver info: chromedriver\u003d2.35.528161 (5b82f2d2aae0ca24b877009200ced9065a772e73),platform\u003dWindows NT 6.3.9600 x86_64) (WARNING: The server did not provide any stacktrace information)\nCommand duration or timeout: 0 milliseconds\nBuild info: version: \u00273.7.1\u0027, revision: \u00278a0099a\u0027, time: \u00272017-11-06T21:07:36.161Z\u0027\nSystem info: host: \u0027ENVY-6\u0027, ip: \u0027192.168.0.104\u0027, os.name: \u0027Windows 8.1\u0027, os.arch: \u0027amd64\u0027, os.version: \u00276.3\u0027, java.version: \u00271.8.0_102\u0027\nDriver info: com.kms.katalon.selenium.driver.CChromeDriver\nCapabilities {acceptInsecureCerts: false, acceptSslCerts: false, applicationCacheEnabled: false, browserConnectionEnabled: false, browserName: chrome, chrome: {chromedriverVersion: 2.35.528161 (5b82f2d2aae0ca..., userDataDir: C:\\Users\\Karina\\AppData\\Loc...}, cssSelectorsEnabled: true, databaseEnabled: false, handlesAlerts: true, hasTouchScreen: false, javascriptEnabled: true, locationContextEnabled: true, mobileEmulationEnabled: false, nativeEvents: true, networkConnectionEnabled: false, pageLoadStrategy: normal, platform: XP, platformName: XP, rotatable: false, setWindowRect: true, takesHeapSnapshot: true, takesScreenshot: true, unexpectedAlertBehaviour: , unhandledPromptBehavior: , version: 67.0.3396.99, webStorageEnabled: true}\nSession ID: a7453e9b6dd8d1cf4841eee17d2395fd)","description":"","startTime":1530528325275,"endTime":1530528325956,"childRecords":[{"testStatus":{"stackTrace":"","statusValue":"FAILED"},"attachment":"1530528325379.png","type":"MESSAGE","name":"","message":"Unable to click on object \u0027Object Repository/Dashboard/userFoto\u0027 (Root cause: org.openqa.selenium.WebDriverException: unknown error: Element \u003cdiv class\u003d\"Fb-I\" title\u003d\"Auto QA\" data-xpath\u003d\"header-profile-img\" style\u003d\"background-image: url(\u0026quot;https://dtckk9d3u5sj1.cloudfront.net/h60_max_w60/a6b455cd-ecfb-4b5e-bb4a-634d9fd19a2f\u0026quot;);\"\u003e\u003c/div\u003e is not clickable at point (998, 34). Other element would receive the click: \u003chtml class\u003d\"no-js\" lang\u003d\"en\" data-reactroot\u003d\"\"\u003e...\u003c/html\u003e\n  (Session info: chrome\u003d67.0.3396.99)\n  (Driver info: chromedriver\u003d2.35.528161 (5b82f2d2aae0ca24b877009200ced9065a772e73),platform\u003dWindows NT 6.3.9600 x86_64) (WARNING: The server did not provide any stacktrace information)\nCommand duration or timeout: 0 milliseconds\nBuild info: version: \u00273.7.1\u0027, revision: \u00278a0099a\u0027, time: \u00272017-11-06T21:07:36.161Z\u0027\nSystem info: host: \u0027ENVY-6\u0027, ip: \u0027192.168.0.104\u0027, os.name: \u0027Windows 8.1\u0027, os.arch: \u0027amd64\u0027, os.version: \u00276.3\u0027, java.version: \u00271.8.0_102\u0027\nDriver info: com.kms.katalon.selenium.driver.CChromeDriver\nCapabilities {acceptInsecureCerts: false, acceptSslCerts: false, applicationCacheEnabled: false, browserConnectionEnabled: false, browserName: chrome, chrome: {chromedriverVersion: 2.35.528161 (5b82f2d2aae0ca..., userDataDir: C:\\Users\\Karina\\AppData\\Loc...}, cssSelectorsEnabled: true, databaseEnabled: false, handlesAlerts: true, hasTouchScreen: false, javascriptEnabled: true, locationContextEnabled: true, mobileEmulationEnabled: false, nativeEvents: true, networkConnectionEnabled: false, pageLoadStrategy: normal, platform: XP, platformName: XP, rotatable: false, setWindowRect: true, takesHeapSnapshot: true, takesScreenshot: true, unexpectedAlertBehaviour: , unhandledPromptBehavior: , version: 67.0.3396.99, webStorageEnabled: true}\nSession ID: a7453e9b6dd8d1cf4841eee17d2395fd)","startTime":1530528325954,"endTime":0,"childRecords":[],"interuppted":false}],"interuppted":false},{"testStatus":{"stackTrace":"","statusValue":"FAILED"},"type":"MESSAGE","name":"","message":"Test Cases/OpenProfilePage FAILED because (of) Unable to click on object \u0027Object Repository/Dashboard/userFoto\u0027 (Root cause: org.openqa.selenium.WebDriverException: unknown error: Element \u003cdiv class\u003d\"Fb-I\" title\u003d\"Auto QA\" data-xpath\u003d\"header-profile-img\" style\u003d\"background-image: url(\u0026quot;https://dtckk9d3u5sj1.cloudfront.net/h60_max_w60/a6b455cd-ecfb-4b5e-bb4a-634d9fd19a2f\u0026quot;);\"\u003e\u003c/div\u003e is not clickable at point (998, 34). Other element would receive the click: \u003chtml class\u003d\"no-js\" lang\u003d\"en\" data-reactroot\u003d\"\"\u003e...\u003c/html\u003e\n  (Session info: chrome\u003d67.0.3396.99)\n  (Driver info: chromedriver\u003d2.35.528161 (5b82f2d2aae0ca24b877009200ced9065a772e73),platform\u003dWindows NT 6.3.9600 x86_64) (WARNING: The server did not provide any stacktrace information)\nCommand duration or timeout: 0 milliseconds\nBuild info: version: \u00273.7.1\u0027, revision: \u00278a0099a\u0027, time: \u00272017-11-06T21:07:36.161Z\u0027\nSystem info: host: \u0027ENVY-6\u0027, ip: \u0027192.168.0.104\u0027, os.name: \u0027Windows 8.1\u0027, os.arch: \u0027amd64\u0027, os.version: \u00276.3\u0027, java.version: \u00271.8.0_102\u0027\nDriver info: com.kms.katalon.selenium.driver.CChromeDriver\nCapabilities {acceptInsecureCerts: false, acceptSslCerts: false, applicationCacheEnabled: false, browserConnectionEnabled: false, browserName: chrome, chrome: {chromedriverVersion: 2.35.528161 (5b82f2d2aae0ca..., userDataDir: C:\\Users\\Karina\\AppData\\Loc...}, cssSelectorsEnabled: true, databaseEnabled: false, handlesAlerts: true, hasTouchScreen: false, javascriptEnabled: true, locationContextEnabled: true, mobileEmulationEnabled: false, nativeEvents: true, networkConnectionEnabled: false, pageLoadStrategy: normal, platform: XP, platformName: XP, rotatable: false, setWindowRect: true, takesHeapSnapshot: true, takesScreenshot: true, unexpectedAlertBehaviour: , unhandledPromptBehavior: , version: 67.0.3396.99, webStorageEnabled: true}\nSession ID: a7453e9b6dd8d1cf4841eee17d2395fd)","startTime":1530528325957,"endTime":0,"childRecords":[],"interuppted":false}],"interuppted":false},{"isOptional":false,"type":"TEST_CASE","name":"Test Cases/LogOut","id":"Test Cases/LogOut","source":"D:\\\\work\\\\KatalonAcropliaWeb\\\\Test Cases\\\\LogOut.tc","message":"Test Cases/LogOut","description":"","startTime":1530528325973,"endTime":1530528326533,"childRecords":[{"testStatus":{"stackTrace":"","statusValue":"INFO"},"type":"MESSAGE","name":"","message":"Evaluating variables for test case","startTime":1530528325995,"endTime":0,"childRecords":[],"interuppted":false},{"index":1,"isIgnoredIfFailed":false,"type":"TEST_STEP","name":"click","message":"Object: \u0027Object Repository/Dashboard/userFoto\u0027 is clicked on","description":"","startTime":1530528326210,"endTime":1530528326363,"childRecords":[{"testStatus":{"stackTrace":"","statusValue":"PASSED"},"type":"MESSAGE","name":"","message":"Object: \u0027Object Repository/Dashboard/userFoto\u0027 is clicked on","startTime":1530528326362,"endTime":0,"childRecords":[],"interuppted":false}],"interuppted":false},{"index":2,"isIgnoredIfFailed":false,"type":"TEST_STEP","name":"waitForElementPresent","message":"Object \u0027Object Repository/Dashboard/ContextMenu/context_menu\u0027 is present","description":"","startTime":1530528326363,"endTime":1530528326421,"childRecords":[{"testStatus":{"stackTrace":"","statusValue":"WARNING"},"type":"MESSAGE","name":"","message":"Timeout \u00270\u0027 is invalid. Using default page load timeout: \u002730\u0027","startTime":1530528326370,"endTime":0,"childRecords":[],"interuppted":false},{"testStatus":{"stackTrace":"","statusValue":"PASSED"},"type":"MESSAGE","name":"","message":"Object \u0027Object Repository/Dashboard/ContextMenu/context_menu\u0027 is present","startTime":1530528326421,"endTime":0,"childRecords":[],"interuppted":false}],"interuppted":false},{"index":3,"isIgnoredIfFailed":false,"type":"TEST_STEP","name":"click","message":"Object: \u0027Object Repository/Dashboard/ContextMenu/sign_out\u0027 is clicked on","description":"","startTime":1530528326422,"endTime":1530528326532,"childRecords":[{"testStatus":{"stackTrace":"","statusValue":"PASSED"},"type":"MESSAGE","name":"","message":"Object: \u0027Object Repository/Dashboard/ContextMenu/sign_out\u0027 is clicked on","startTime":1530528326532,"endTime":0,"childRecords":[],"interuppted":false}],"interuppted":false},{"testStatus":{"stackTrace":"","statusValue":"PASSED"},"type":"MESSAGE","name":"","message":"Test Cases/LogOut","startTime":1530528326533,"endTime":0,"childRecords":[],"interuppted":false}],"interuppted":false}],"interuppted":false}