<?xml version="1.0" encoding="UTF-8"?>
<testsuites name="TC1" time="15" tests="2" failures="1" errors="0">
   <testsuite name="TC1" tests="2" failures="1" errors="0" time="15" timestamp="2018-07-02 13:45:11" hostname="Karina - Envy-6" id="Test Suites/TC1">
      <properties>
         <property name="deviceName" value=""/>
         <property name="devicePlatform" value=""/>
         <property name="logFolder" value="D:\\work\\KatalonAcropliaWeb\\Reports\\TC1\\20180702_134509"/>
         <property name="logFiles" value="D:\\work\\KatalonAcropliaWeb\\Reports\\TC1\\20180702_134509\\execution0.log"/>
         <property name="attachments" value="D:\\work\\KatalonAcropliaWeb\\Reports\\TC1\\20180702_134509\\1530528325379.png"/>
         <property name="hostName" value="Karina - Envy-6"/>
         <property name="os" value="Windows 8.1 64bit"/>
         <property name="katalonVersion" value="5.4.2.1"/>
         <property name="browser" value="Chrome 67.0.3396.99"/>
         <property name="hostAddress" value="192.168.0.104"/>
         <property name="sessionId" value="a7453e9b6dd8d1cf4841eee17d2395fd"/>
         <property name="seleniumVersion" value="3.7.1"/>
         <property name="proxyInformation" value="ProxyInformation{proxyOption=NO_PROXY, proxyServerType=HTTP, password=, proxyServerAddress=, proxyServerPort=0}"/>
         <property name="platform" value="Windows 8.1"/>
      </properties>
      <testcase name="Test Cases/LogIn/LogIn_with_correct_data" classname="Test Cases/LogIn/LogIn_with_correct_data" status="PASSED">
         <system-out><![CDATA[2018-07-02 13:45:11 - [TEST_CASE][PASSED] - Test Cases/LogIn/LogIn_with_correct_data: Test Cases/LogIn/LogIn_with_correct_data

2018-07-02 13:45:12 - [TEST_STEP][PASSED] - openBrowser: Browser is opened with url: 'https://app-dev.acroplia.com'

2018-07-02 13:45:20 - [MESSAGE][PASSED] - Browser is opened with url: 'https://app-dev.acroplia.com'

2018-07-02 13:45:20 - [TEST_STEP][PASSED] - verifyElementPresent: Object 'Object Repository/HomePage/btn_openSignInform' is present

2018-07-02 13:45:20 - [MESSAGE][PASSED] - Object 'Object Repository/HomePage/btn_openSignInform' is present

2018-07-02 13:45:20 - [TEST_STEP][PASSED] - click: Object: 'Object Repository/HomePage/btn_openSignInform' is clicked on

2018-07-02 13:45:21 - [MESSAGE][PASSED] - Object: 'Object Repository/HomePage/btn_openSignInform' is clicked on

2018-07-02 13:45:21 - [TEST_STEP][PASSED] - waitForElementPresent: Object 'Object Repository/AuthenticationForm/SignIn/SignInForm' is present

2018-07-02 13:45:21 - [MESSAGE][PASSED] - Object 'Object Repository/AuthenticationForm/SignIn/SignInForm' is present

2018-07-02 13:45:21 - [TEST_STEP][PASSED] - click: Object: 'Object Repository/AuthenticationForm/SignIn/input_email' is clicked on

2018-07-02 13:45:22 - [MESSAGE][PASSED] - Object: 'Object Repository/AuthenticationForm/SignIn/input_email' is clicked on

2018-07-02 13:45:22 - [TEST_STEP][PASSED] - setText: Text 'avtotest@acroplia.com' is set on object 'Object Repository/AuthenticationForm/SignIn/input_email'

2018-07-02 13:45:23 - [MESSAGE][PASSED] - Text 'avtotest@acroplia.com' is set on object 'Object Repository/AuthenticationForm/SignIn/input_email'

2018-07-02 13:45:23 - [TEST_STEP][PASSED] - click: Object: 'Object Repository/AuthenticationForm/SignIn/btn_nextStep' is clicked on

2018-07-02 13:45:23 - [MESSAGE][PASSED] - Object: 'Object Repository/AuthenticationForm/SignIn/btn_nextStep' is clicked on

2018-07-02 13:45:23 - [TEST_STEP][PASSED] - waitForElementPresent: Object 'Object Repository/AuthenticationForm/SignIn/Step2_message' is present

2018-07-02 13:45:24 - [MESSAGE][PASSED] - Object 'Object Repository/AuthenticationForm/SignIn/Step2_message' is present

2018-07-02 13:45:24 - [TEST_STEP][PASSED] - setText: Text '123456' is set on object 'Object Repository/AuthenticationForm/SignIn/input_password'

2018-07-02 13:45:24 - [MESSAGE][PASSED] - Text '123456' is set on object 'Object Repository/AuthenticationForm/SignIn/input_password'

2018-07-02 13:45:24 - [TEST_STEP][PASSED] - click: Object: 'Object Repository/AuthenticationForm/SignIn/btn_SignIn' is clicked on

2018-07-02 13:45:24 - [MESSAGE][PASSED] - Object: 'Object Repository/AuthenticationForm/SignIn/btn_SignIn' is clicked on

2018-07-02 13:45:24 - [TEST_STEP][PASSED] - waitForPageLoad: Wait for page load successfully

2018-07-02 13:45:24 - [MESSAGE][PASSED] - Wait for page load successfully

2018-07-02 13:45:24 - [TEST_STEP][PASSED] - verifyElementPresent: Object 'Object Repository/Dashboard/userFoto' is present

2018-07-02 13:45:25 - [MESSAGE][PASSED] - Object 'Object Repository/Dashboard/userFoto' is present]]></system-out>
         <system-err><![CDATA[]]></system-err>
      </testcase>
      <testcase name="Test Cases/OpenProfilePage" classname="Test Cases/OpenProfilePage" status="FAILED">
         <failure type="FAILED" message="Unable to click on object 'Object Repository/Dashboard/userFoto' (Root cause: org.openqa.selenium.WebDriverException: unknown error: Element &lt;div class=&quot;Fb-I&quot; title=&quot;Auto QA&quot; data-xpath=&quot;header-profile-img&quot; style=&quot;background-image: url(&amp;quot;https://dtckk9d3u5sj1.cloudfront.net/h60_max_w60/a6b455cd-ecfb-4b5e-bb4a-634d9fd19a2f&amp;quot;);&quot;>&lt;/div> is not clickable at point (998, 34). Other element would receive the click: &lt;html class=&quot;no-js&quot; lang=&quot;en&quot; data-reactroot=&quot;&quot;>...&lt;/html>
  (Session info: chrome=67.0.3396.99)
  (Driver info: chromedriver=2.35.528161 (5b82f2d2aae0ca24b877009200ced9065a772e73),platform=Windows NT 6.3.9600 x86_64) (WARNING: The server did not provide any stacktrace information)
Command duration or timeout: 0 milliseconds
Build info: version: '3.7.1', revision: '8a0099a', time: '2017-11-06T21:07:36.161Z'
System info: host: 'ENVY-6', ip: '192.168.0.104', os.name: 'Windows 8.1', os.arch: 'amd64', os.version: '6.3', java.version: '1.8.0_102'
Driver info: com.kms.katalon.selenium.driver.CChromeDriver
Capabilities {acceptInsecureCerts: false, acceptSslCerts: false, applicationCacheEnabled: false, browserConnectionEnabled: false, browserName: chrome, chrome: {chromedriverVersion: 2.35.528161 (5b82f2d2aae0ca..., userDataDir: C:\Users\Karina\AppData\Loc...}, cssSelectorsEnabled: true, databaseEnabled: false, handlesAlerts: true, hasTouchScreen: false, javascriptEnabled: true, locationContextEnabled: true, mobileEmulationEnabled: false, nativeEvents: true, networkConnectionEnabled: false, pageLoadStrategy: normal, platform: XP, platformName: XP, rotatable: false, setWindowRect: true, takesHeapSnapshot: true, takesScreenshot: true, unexpectedAlertBehaviour: , unhandledPromptBehavior: , version: 67.0.3396.99, webStorageEnabled: true}
Session ID: a7453e9b6dd8d1cf4841eee17d2395fd)"/>
         <system-out><![CDATA[2018-07-02 13:45:25 - [TEST_CASE][FAILED] - Test Cases/OpenProfilePage: Test Cases/OpenProfilePage FAILED because (of) Unable to click on object 'Object Repository/Dashboard/userFoto' (Root cause: org.openqa.selenium.WebDriverException: unknown error: Element <div class="Fb-I" title="Auto QA" data-xpath="header-profile-img" style="background-image: url(&quot;https://dtckk9d3u5sj1.cloudfront.net/h60_max_w60/a6b455cd-ecfb-4b5e-bb4a-634d9fd19a2f&quot;);"></div> is not clickable at point (998, 34). Other element would receive the click: <html class="no-js" lang="en" data-reactroot="">...</html>
  (Session info: chrome=67.0.3396.99)
  (Driver info: chromedriver=2.35.528161 (5b82f2d2aae0ca24b877009200ced9065a772e73),platform=Windows NT 6.3.9600 x86_64) (WARNING: The server did not provide any stacktrace information)
Command duration or timeout: 0 milliseconds
Build info: version: '3.7.1', revision: '8a0099a', time: '2017-11-06T21:07:36.161Z'
System info: host: 'ENVY-6', ip: '192.168.0.104', os.name: 'Windows 8.1', os.arch: 'amd64', os.version: '6.3', java.version: '1.8.0_102'
Driver info: com.kms.katalon.selenium.driver.CChromeDriver
Capabilities {acceptInsecureCerts: false, acceptSslCerts: false, applicationCacheEnabled: false, browserConnectionEnabled: false, browserName: chrome, chrome: {chromedriverVersion: 2.35.528161 (5b82f2d2aae0ca..., userDataDir: C:\Users\Karina\AppData\Loc...}, cssSelectorsEnabled: true, databaseEnabled: false, handlesAlerts: true, hasTouchScreen: false, javascriptEnabled: true, locationContextEnabled: true, mobileEmulationEnabled: false, nativeEvents: true, networkConnectionEnabled: false, pageLoadStrategy: normal, platform: XP, platformName: XP, rotatable: false, setWindowRect: true, takesHeapSnapshot: true, takesScreenshot: true, unexpectedAlertBehaviour: , unhandledPromptBehavior: , version: 67.0.3396.99, webStorageEnabled: true}
Session ID: a7453e9b6dd8d1cf4841eee17d2395fd)

2018-07-02 13:45:25 - [TEST_STEP][FAILED] - click: Unable to click on object 'Object Repository/Dashboard/userFoto' (Root cause: org.openqa.selenium.WebDriverException: unknown error: Element <div class="Fb-I" title="Auto QA" data-xpath="header-profile-img" style="background-image: url(&quot;https://dtckk9d3u5sj1.cloudfront.net/h60_max_w60/a6b455cd-ecfb-4b5e-bb4a-634d9fd19a2f&quot;);"></div> is not clickable at point (998, 34). Other element would receive the click: <html class="no-js" lang="en" data-reactroot="">...</html>
  (Session info: chrome=67.0.3396.99)
  (Driver info: chromedriver=2.35.528161 (5b82f2d2aae0ca24b877009200ced9065a772e73),platform=Windows NT 6.3.9600 x86_64) (WARNING: The server did not provide any stacktrace information)
Command duration or timeout: 0 milliseconds
Build info: version: '3.7.1', revision: '8a0099a', time: '2017-11-06T21:07:36.161Z'
System info: host: 'ENVY-6', ip: '192.168.0.104', os.name: 'Windows 8.1', os.arch: 'amd64', os.version: '6.3', java.version: '1.8.0_102'
Driver info: com.kms.katalon.selenium.driver.CChromeDriver
Capabilities {acceptInsecureCerts: false, acceptSslCerts: false, applicationCacheEnabled: false, browserConnectionEnabled: false, browserName: chrome, chrome: {chromedriverVersion: 2.35.528161 (5b82f2d2aae0ca..., userDataDir: C:\Users\Karina\AppData\Loc...}, cssSelectorsEnabled: true, databaseEnabled: false, handlesAlerts: true, hasTouchScreen: false, javascriptEnabled: true, locationContextEnabled: true, mobileEmulationEnabled: false, nativeEvents: true, networkConnectionEnabled: false, pageLoadStrategy: normal, platform: XP, platformName: XP, rotatable: false, setWindowRect: true, takesHeapSnapshot: true, takesScreenshot: true, unexpectedAlertBehaviour: , unhandledPromptBehavior: , version: 67.0.3396.99, webStorageEnabled: true}
Session ID: a7453e9b6dd8d1cf4841eee17d2395fd)

2018-07-02 13:45:25 - [MESSAGE][FAILED] - Unable to click on object 'Object Repository/Dashboard/userFoto' (Root cause: org.openqa.selenium.WebDriverException: unknown error: Element <div class="Fb-I" title="Auto QA" data-xpath="header-profile-img" style="background-image: url(&quot;https://dtckk9d3u5sj1.cloudfront.net/h60_max_w60/a6b455cd-ecfb-4b5e-bb4a-634d9fd19a2f&quot;);"></div> is not clickable at point (998, 34). Other element would receive the click: <html class="no-js" lang="en" data-reactroot="">...</html>
  (Session info: chrome=67.0.3396.99)
  (Driver info: chromedriver=2.35.528161 (5b82f2d2aae0ca24b877009200ced9065a772e73),platform=Windows NT 6.3.9600 x86_64) (WARNING: The server did not provide any stacktrace information)
Command duration or timeout: 0 milliseconds
Build info: version: '3.7.1', revision: '8a0099a', time: '2017-11-06T21:07:36.161Z'
System info: host: 'ENVY-6', ip: '192.168.0.104', os.name: 'Windows 8.1', os.arch: 'amd64', os.version: '6.3', java.version: '1.8.0_102'
Driver info: com.kms.katalon.selenium.driver.CChromeDriver
Capabilities {acceptInsecureCerts: false, acceptSslCerts: false, applicationCacheEnabled: false, browserConnectionEnabled: false, browserName: chrome, chrome: {chromedriverVersion: 2.35.528161 (5b82f2d2aae0ca..., userDataDir: C:\Users\Karina\AppData\Loc...}, cssSelectorsEnabled: true, databaseEnabled: false, handlesAlerts: true, hasTouchScreen: false, javascriptEnabled: true, locationContextEnabled: true, mobileEmulationEnabled: false, nativeEvents: true, networkConnectionEnabled: false, pageLoadStrategy: normal, platform: XP, platformName: XP, rotatable: false, setWindowRect: true, takesHeapSnapshot: true, takesScreenshot: true, unexpectedAlertBehaviour: , unhandledPromptBehavior: , version: 67.0.3396.99, webStorageEnabled: true}
Session ID: a7453e9b6dd8d1cf4841eee17d2395fd)
[[ATTACHMENT|D:\\work\\KatalonAcropliaWeb\\Reports\\TC1\\20180702_134509\\1530528325379.png]]]]></system-out>
         <system-err><![CDATA[2018-07-02 13:45:25 - [TEST_CASE][FAILED] - Test Cases/OpenProfilePage: Test Cases/OpenProfilePage FAILED because (of) Unable to click on object 'Object Repository/Dashboard/userFoto' (Root cause: org.openqa.selenium.WebDriverException: unknown error: Element <div class="Fb-I" title="Auto QA" data-xpath="header-profile-img" style="background-image: url(&quot;https://dtckk9d3u5sj1.cloudfront.net/h60_max_w60/a6b455cd-ecfb-4b5e-bb4a-634d9fd19a2f&quot;);"></div> is not clickable at point (998, 34). Other element would receive the click: <html class="no-js" lang="en" data-reactroot="">...</html>
  (Session info: chrome=67.0.3396.99)
  (Driver info: chromedriver=2.35.528161 (5b82f2d2aae0ca24b877009200ced9065a772e73),platform=Windows NT 6.3.9600 x86_64) (WARNING: The server did not provide any stacktrace information)
Command duration or timeout: 0 milliseconds
Build info: version: '3.7.1', revision: '8a0099a', time: '2017-11-06T21:07:36.161Z'
System info: host: 'ENVY-6', ip: '192.168.0.104', os.name: 'Windows 8.1', os.arch: 'amd64', os.version: '6.3', java.version: '1.8.0_102'
Driver info: com.kms.katalon.selenium.driver.CChromeDriver
Capabilities {acceptInsecureCerts: false, acceptSslCerts: false, applicationCacheEnabled: false, browserConnectionEnabled: false, browserName: chrome, chrome: {chromedriverVersion: 2.35.528161 (5b82f2d2aae0ca..., userDataDir: C:\Users\Karina\AppData\Loc...}, cssSelectorsEnabled: true, databaseEnabled: false, handlesAlerts: true, hasTouchScreen: false, javascriptEnabled: true, locationContextEnabled: true, mobileEmulationEnabled: false, nativeEvents: true, networkConnectionEnabled: false, pageLoadStrategy: normal, platform: XP, platformName: XP, rotatable: false, setWindowRect: true, takesHeapSnapshot: true, takesScreenshot: true, unexpectedAlertBehaviour: , unhandledPromptBehavior: , version: 67.0.3396.99, webStorageEnabled: true}
Session ID: a7453e9b6dd8d1cf4841eee17d2395fd)]]></system-err>
      </testcase>
      <testcase name="Test Cases/LogOut" classname="Test Cases/LogOut" status="PASSED">
         <system-out><![CDATA[2018-07-02 13:45:25 - [TEST_CASE][PASSED] - Test Cases/LogOut: Test Cases/LogOut

2018-07-02 13:45:26 - [TEST_STEP][PASSED] - click: Object: 'Object Repository/Dashboard/userFoto' is clicked on

2018-07-02 13:45:26 - [MESSAGE][PASSED] - Object: 'Object Repository/Dashboard/userFoto' is clicked on

2018-07-02 13:45:26 - [TEST_STEP][PASSED] - waitForElementPresent: Object 'Object Repository/Dashboard/ContextMenu/context_menu' is present

2018-07-02 13:45:26 - [MESSAGE][WARNING] - Timeout '0' is invalid. Using default page load timeout: '30'

2018-07-02 13:45:26 - [MESSAGE][PASSED] - Object 'Object Repository/Dashboard/ContextMenu/context_menu' is present

2018-07-02 13:45:26 - [TEST_STEP][PASSED] - click: Object: 'Object Repository/Dashboard/ContextMenu/sign_out' is clicked on

2018-07-02 13:45:26 - [MESSAGE][PASSED] - Object: 'Object Repository/Dashboard/ContextMenu/sign_out' is clicked on]]></system-out>
         <system-err><![CDATA[]]></system-err>
      </testcase>
      <system-out><![CDATA[2018-07-02 13:45:11 - [TEST_SUITE][FAILED] - TC1: Test Cases/OpenProfilePage FAILED because (of) Unable to click on object 'Object Repository/Dashboard/userFoto' (Root cause: org.openqa.selenium.WebDriverException: unknown error: Element <div class="Fb-I" title="Auto QA" data-xpath="header-profile-img" style="background-image: url(&quot;https://dtckk9d3u5sj1.cloudfront.net/h60_max_w60/a6b455cd-ecfb-4b5e-bb4a-634d9fd19a2f&quot;);"></div> is not clickable at point (998, 34). Other element would receive the click: <html class="no-js" lang="en" data-reactroot="">...</html>
  (Session info: chrome=67.0.3396.99)
  (Driver info: chromedriver=2.35.528161 (5b82f2d2aae0ca24b877009200ced9065a772e73),platform=Windows NT 6.3.9600 x86_64) (WARNING: The server did not provide any stacktrace information)
Command duration or timeout: 0 milliseconds
Build info: version: '3.7.1', revision: '8a0099a', time: '2017-11-06T21:07:36.161Z'
System info: host: 'ENVY-6', ip: '192.168.0.104', os.name: 'Windows 8.1', os.arch: 'amd64', os.version: '6.3', java.version: '1.8.0_102'
Driver info: com.kms.katalon.selenium.driver.CChromeDriver
Capabilities {acceptInsecureCerts: false, acceptSslCerts: false, applicationCacheEnabled: false, browserConnectionEnabled: false, browserName: chrome, chrome: {chromedriverVersion: 2.35.528161 (5b82f2d2aae0ca..., userDataDir: C:\Users\Karina\AppData\Loc...}, cssSelectorsEnabled: true, databaseEnabled: false, handlesAlerts: true, hasTouchScreen: false, javascriptEnabled: true, locationContextEnabled: true, mobileEmulationEnabled: false, nativeEvents: true, networkConnectionEnabled: false, pageLoadStrategy: normal, platform: XP, platformName: XP, rotatable: false, setWindowRect: true, takesHeapSnapshot: true, takesScreenshot: true, unexpectedAlertBehaviour: , unhandledPromptBehavior: , version: 67.0.3396.99, webStorageEnabled: true}
Session ID: a7453e9b6dd8d1cf4841eee17d2395fd)]]></system-out>
      <system-err><![CDATA[2018-07-02 13:45:11 - [TEST_SUITE][FAILED] - TC1: Test Cases/OpenProfilePage FAILED because (of) Unable to click on object 'Object Repository/Dashboard/userFoto' (Root cause: org.openqa.selenium.WebDriverException: unknown error: Element <div class="Fb-I" title="Auto QA" data-xpath="header-profile-img" style="background-image: url(&quot;https://dtckk9d3u5sj1.cloudfront.net/h60_max_w60/a6b455cd-ecfb-4b5e-bb4a-634d9fd19a2f&quot;);"></div> is not clickable at point (998, 34). Other element would receive the click: <html class="no-js" lang="en" data-reactroot="">...</html>
  (Session info: chrome=67.0.3396.99)
  (Driver info: chromedriver=2.35.528161 (5b82f2d2aae0ca24b877009200ced9065a772e73),platform=Windows NT 6.3.9600 x86_64) (WARNING: The server did not provide any stacktrace information)
Command duration or timeout: 0 milliseconds
Build info: version: '3.7.1', revision: '8a0099a', time: '2017-11-06T21:07:36.161Z'
System info: host: 'ENVY-6', ip: '192.168.0.104', os.name: 'Windows 8.1', os.arch: 'amd64', os.version: '6.3', java.version: '1.8.0_102'
Driver info: com.kms.katalon.selenium.driver.CChromeDriver
Capabilities {acceptInsecureCerts: false, acceptSslCerts: false, applicationCacheEnabled: false, browserConnectionEnabled: false, browserName: chrome, chrome: {chromedriverVersion: 2.35.528161 (5b82f2d2aae0ca..., userDataDir: C:\Users\Karina\AppData\Loc...}, cssSelectorsEnabled: true, databaseEnabled: false, handlesAlerts: true, hasTouchScreen: false, javascriptEnabled: true, locationContextEnabled: true, mobileEmulationEnabled: false, nativeEvents: true, networkConnectionEnabled: false, pageLoadStrategy: normal, platform: XP, platformName: XP, rotatable: false, setWindowRect: true, takesHeapSnapshot: true, takesScreenshot: true, unexpectedAlertBehaviour: , unhandledPromptBehavior: , version: 67.0.3396.99, webStorageEnabled: true}
Session ID: a7453e9b6dd8d1cf4841eee17d2395fd)]]></system-err>
   </testsuite>
</testsuites>
