{"devicePlatform":"","logFolder":"D:\\work\\KatalonAcropliaWeb\\Reports\\TC1\\20180702_134237","runData":{"hostName":"Karina - Envy-6","os":"Windows 8.1 64bit","katalonVersion":"5.4.2.1","browser":"Chrome 67.0.3396.99","hostAddress":"192.168.0.104","sessionId":"55d568693af0d263d5740e375a8f45e4","seleniumVersion":"3.7.1","proxyInformation":"ProxyInformation{proxyOption\u003dNO_PROXY, proxyServerType\u003dHTTP, password\u003d, proxyServerAddress\u003d, proxyServerPort\u003d0}","platform":"Windows 8.1"},"type":"TEST_SUITE","name":"TC1","id":"Test Suites/TC1","source":"","message":"Test Cases/OpenProfilePage FAILED because (of) Unable to click on object \u0027Object Repository/Dashboard/userFoto\u0027 (Root cause: org.openqa.selenium.WebDriverException: unknown error: Element \u003cdiv class\u003d\"Fb-I\" title\u003d\"Auto QA\" data-xpath\u003d\"header-profile-img\" style\u003d\"background-image: url(\u0026quot;https://dtckk9d3u5sj1.cloudfront.net/h60_max_w60/a6b455cd-ecfb-4b5e-bb4a-634d9fd19a2f\u0026quot;);\"\u003e\u003c/div\u003e is not clickable at point (998, 34). Other element would receive the click: \u003chtml class\u003d\"no-js\" lang\u003d\"en\" data-reactroot\u003d\"\"\u003e...\u003c/html\u003e\n  (Session info: chrome\u003d67.0.3396.99)\n  (Driver info: chromedriver\u003d2.35.528161 (5b82f2d2aae0ca24b877009200ced9065a772e73),platform\u003dWindows NT 6.3.9600 x86_64) (WARNING: The server did not provide any stacktrace information)\nCommand duration or timeout: 0 milliseconds\nBuild info: version: \u00273.7.1\u0027, revision: \u00278a0099a\u0027, time: \u00272017-11-06T21:07:36.161Z\u0027\nSystem info: host: \u0027ENVY-6\u0027, ip: \u0027192.168.0.104\u0027, os.name: \u0027Windows 8.1\u0027, os.arch: \u0027amd64\u0027, os.version: \u00276.3\u0027, java.version: \u00271.8.0_102\u0027\nDriver info: com.kms.katalon.selenium.driver.CChromeDriver\nCapabilities {acceptInsecureCerts: false, acceptSslCerts: false, applicationCacheEnabled: false, browserConnectionEnabled: false, browserName: chrome, chrome: {chromedriverVersion: 2.35.528161 (5b82f2d2aae0ca..., userDataDir: C:\\Users\\Karina\\AppData\\Loc...}, cssSelectorsEnabled: true, databaseEnabled: false, handlesAlerts: true, hasTouchScreen: false, javascriptEnabled: true, locationContextEnabled: true, mobileEmulationEnabled: false, nativeEvents: true, networkConnectionEnabled: false, pageLoadStrategy: normal, platform: XP, platformName: XP, rotatable: false, setWindowRect: true, takesHeapSnapshot: true, takesScreenshot: true, unexpectedAlertBehaviour: , unhandledPromptBehavior: , version: 67.0.3396.99, webStorageEnabled: true}\nSession ID: 55d568693af0d263d5740e375a8f45e4)","description":"","startTime":1530528159114,"endTime":1530528175601,"childRecords":[{"isOptional":false,"type":"TEST_CASE","name":"Test Cases/LogIn/LogIn_with_correct_data","id":"Test Cases/LogIn/LogIn_with_correct_data","source":"D:\\\\work\\\\KatalonAcropliaWeb\\\\Test Cases\\\\LogIn\\\\LogIn_with_correct_data.tc","message":"Test Cases/LogIn/LogIn_with_correct_data","description":"","startTime":1530528159546,"endTime":1530528173290,"childRecords":[{"testStatus":{"stackTrace":"","statusValue":"INFO"},"type":"MESSAGE","name":"","message":"Evaluating variables for test case","startTime":1530528159589,"endTime":0,"childRecords":[],"interuppted":false},{"index":1,"isIgnoredIfFailed":false,"type":"TEST_STEP","name":"openBrowser","message":"Browser is opened with url: \u0027https://app-dev.acroplia.com\u0027","description":"","startTime":1530528160114,"endTime":1530528169028,"childRecords":[{"testStatus":{"stackTrace":"","statusValue":"PASSED"},"type":"MESSAGE","name":"","message":"Browser is opened with url: \u0027https://app-dev.acroplia.com\u0027","startTime":1530528169027,"endTime":0,"childRecords":[],"interuppted":false}],"interuppted":false},{"index":2,"isIgnoredIfFailed":false,"type":"TEST_STEP","name":"verifyElementPresent","message":"Object \u0027Object Repository/HomePage/btn_openSignInform\u0027 is present","description":"","startTime":1530528169029,"endTime":1530528169153,"childRecords":[{"testStatus":{"stackTrace":"","statusValue":"PASSED"},"type":"MESSAGE","name":"","message":"Object \u0027Object Repository/HomePage/btn_openSignInform\u0027 is present","startTime":1530528169152,"endTime":0,"childRecords":[],"interuppted":false}],"interuppted":false},{"index":3,"isIgnoredIfFailed":false,"type":"TEST_STEP","name":"click","message":"Object: \u0027Object Repository/HomePage/btn_openSignInform\u0027 is clicked on","description":"","startTime":1530528169154,"endTime":1530528169417,"childRecords":[{"testStatus":{"stackTrace":"","statusValue":"PASSED"},"type":"MESSAGE","name":"","message":"Object: \u0027Object Repository/HomePage/btn_openSignInform\u0027 is clicked on","startTime":1530528169415,"endTime":0,"childRecords":[],"interuppted":false}],"interuppted":false},{"index":4,"isIgnoredIfFailed":false,"type":"TEST_STEP","name":"waitForElementPresent","message":"Object \u0027Object Repository/AuthenticationForm/SignIn/SignInForm\u0027 is present","description":"","startTime":1530528169417,"endTime":1530528169648,"childRecords":[{"testStatus":{"stackTrace":"","statusValue":"PASSED"},"type":"MESSAGE","name":"","message":"Object \u0027Object Repository/AuthenticationForm/SignIn/SignInForm\u0027 is present","startTime":1530528169647,"endTime":0,"childRecords":[],"interuppted":false}],"interuppted":false},{"index":5,"isIgnoredIfFailed":false,"type":"TEST_STEP","name":"click","message":"Object: \u0027Object Repository/AuthenticationForm/SignIn/input_email\u0027 is clicked on","description":"","startTime":1530528169649,"endTime":1530528170038,"childRecords":[{"testStatus":{"stackTrace":"","statusValue":"PASSED"},"type":"MESSAGE","name":"","message":"Object: \u0027Object Repository/AuthenticationForm/SignIn/input_email\u0027 is clicked on","startTime":1530528170037,"endTime":0,"childRecords":[],"interuppted":false}],"interuppted":false},{"index":6,"isIgnoredIfFailed":false,"type":"TEST_STEP","name":"setText","message":"Text \u0027avtotest@acroplia.com\u0027 is set on object \u0027Object Repository/AuthenticationForm/SignIn/input_email\u0027","description":"","startTime":1530528170038,"endTime":1530528171590,"childRecords":[{"testStatus":{"stackTrace":"","statusValue":"PASSED"},"type":"MESSAGE","name":"","message":"Text \u0027avtotest@acroplia.com\u0027 is set on object \u0027Object Repository/AuthenticationForm/SignIn/input_email\u0027","startTime":1530528171589,"endTime":0,"childRecords":[],"interuppted":false}],"interuppted":false},{"index":7,"isIgnoredIfFailed":false,"type":"TEST_STEP","name":"click","message":"Object: \u0027Object Repository/AuthenticationForm/SignIn/btn_nextStep\u0027 is clicked on","description":"","startTime":1530528171590,"endTime":1530528171768,"childRecords":[{"testStatus":{"stackTrace":"","statusValue":"PASSED"},"type":"MESSAGE","name":"","message":"Object: \u0027Object Repository/AuthenticationForm/SignIn/btn_nextStep\u0027 is clicked on","startTime":1530528171767,"endTime":0,"childRecords":[],"interuppted":false}],"interuppted":false},{"index":8,"isIgnoredIfFailed":false,"type":"TEST_STEP","name":"waitForElementPresent","message":"Object \u0027Object Repository/AuthenticationForm/SignIn/Step2_message\u0027 is present","description":"","startTime":1530528171769,"endTime":1530528172332,"childRecords":[{"testStatus":{"stackTrace":"","statusValue":"PASSED"},"type":"MESSAGE","name":"","message":"Object \u0027Object Repository/AuthenticationForm/SignIn/Step2_message\u0027 is present","startTime":1530528172331,"endTime":0,"childRecords":[],"interuppted":false}],"interuppted":false},{"index":9,"isIgnoredIfFailed":false,"type":"TEST_STEP","name":"setText","message":"Text \u0027123456\u0027 is set on object \u0027Object Repository/AuthenticationForm/SignIn/input_password\u0027","description":"","startTime":1530528172333,"endTime":1530528172527,"childRecords":[{"testStatus":{"stackTrace":"","statusValue":"PASSED"},"type":"MESSAGE","name":"","message":"Text \u0027123456\u0027 is set on object \u0027Object Repository/AuthenticationForm/SignIn/input_password\u0027","startTime":1530528172526,"endTime":0,"childRecords":[],"interuppted":false}],"interuppted":false},{"index":10,"isIgnoredIfFailed":false,"type":"TEST_STEP","name":"click","message":"Object: \u0027Object Repository/AuthenticationForm/SignIn/btn_SignIn\u0027 is clicked on","description":"","startTime":1530528172528,"endTime":1530528172681,"childRecords":[{"testStatus":{"stackTrace":"","statusValue":"PASSED"},"type":"MESSAGE","name":"","message":"Object: \u0027Object Repository/AuthenticationForm/SignIn/btn_SignIn\u0027 is clicked on","startTime":1530528172679,"endTime":0,"childRecords":[],"interuppted":false}],"interuppted":false},{"index":11,"isIgnoredIfFailed":false,"type":"TEST_STEP","name":"waitForPageLoad","message":"Wait for page load successfully","description":"","startTime":1530528172681,"endTime":1530528172742,"childRecords":[{"testStatus":{"stackTrace":"","statusValue":"PASSED"},"type":"MESSAGE","name":"","message":"Wait for page load successfully","startTime":1530528172742,"endTime":0,"childRecords":[],"interuppted":false}],"interuppted":false},{"index":12,"isIgnoredIfFailed":false,"type":"TEST_STEP","name":"verifyElementPresent","message":"Object \u0027Object Repository/Dashboard/userFoto\u0027 is present","description":"","startTime":1530528172743,"endTime":1530528173288,"childRecords":[{"testStatus":{"stackTrace":"","statusValue":"PASSED"},"type":"MESSAGE","name":"","message":"Object \u0027Object Repository/Dashboard/userFoto\u0027 is present","startTime":1530528173288,"endTime":0,"childRecords":[],"interuppted":false}],"interuppted":false},{"testStatus":{"stackTrace":"","statusValue":"PASSED"},"type":"MESSAGE","name":"","message":"Test Cases/LogIn/LogIn_with_correct_data","startTime":1530528173289,"endTime":0,"childRecords":[],"interuppted":false}],"interuppted":false},{"isOptional":false,"type":"TEST_CASE","name":"Test Cases/OpenProfilePage","id":"Test Cases/OpenProfilePage","source":"D:\\\\work\\\\KatalonAcropliaWeb\\\\Test Cases\\\\OpenProfilePage.tc","message":"Test Cases/OpenProfilePage FAILED because (of) Unable to click on object \u0027Object Repository/Dashboard/userFoto\u0027 (Root cause: org.openqa.selenium.WebDriverException: unknown error: Element \u003cdiv class\u003d\"Fb-I\" title\u003d\"Auto QA\" data-xpath\u003d\"header-profile-img\" style\u003d\"background-image: url(\u0026quot;https://dtckk9d3u5sj1.cloudfront.net/h60_max_w60/a6b455cd-ecfb-4b5e-bb4a-634d9fd19a2f\u0026quot;);\"\u003e\u003c/div\u003e is not clickable at point (998, 34). Other element would receive the click: \u003chtml class\u003d\"no-js\" lang\u003d\"en\" data-reactroot\u003d\"\"\u003e...\u003c/html\u003e\n  (Session info: chrome\u003d67.0.3396.99)\n  (Driver info: chromedriver\u003d2.35.528161 (5b82f2d2aae0ca24b877009200ced9065a772e73),platform\u003dWindows NT 6.3.9600 x86_64) (WARNING: The server did not provide any stacktrace information)\nCommand duration or timeout: 0 milliseconds\nBuild info: version: \u00273.7.1\u0027, revision: \u00278a0099a\u0027, time: \u00272017-11-06T21:07:36.161Z\u0027\nSystem info: host: \u0027ENVY-6\u0027, ip: \u0027192.168.0.104\u0027, os.name: \u0027Windows 8.1\u0027, os.arch: \u0027amd64\u0027, os.version: \u00276.3\u0027, java.version: \u00271.8.0_102\u0027\nDriver info: com.kms.katalon.selenium.driver.CChromeDriver\nCapabilities {acceptInsecureCerts: false, acceptSslCerts: false, applicationCacheEnabled: false, browserConnectionEnabled: false, browserName: chrome, chrome: {chromedriverVersion: 2.35.528161 (5b82f2d2aae0ca..., userDataDir: C:\\Users\\Karina\\AppData\\Loc...}, cssSelectorsEnabled: true, databaseEnabled: false, handlesAlerts: true, hasTouchScreen: false, javascriptEnabled: true, locationContextEnabled: true, mobileEmulationEnabled: false, nativeEvents: true, networkConnectionEnabled: false, pageLoadStrategy: normal, platform: XP, platformName: XP, rotatable: false, setWindowRect: true, takesHeapSnapshot: true, takesScreenshot: true, unexpectedAlertBehaviour: , unhandledPromptBehavior: , version: 67.0.3396.99, webStorageEnabled: true}\nSession ID: 55d568693af0d263d5740e375a8f45e4)","description":"","startTime":1530528173297,"endTime":1530528174204,"childRecords":[{"testStatus":{"stackTrace":"","statusValue":"INFO"},"type":"MESSAGE","name":"","message":"Evaluating variables for test case","startTime":1530528173313,"endTime":0,"childRecords":[],"interuppted":false},{"attachment":"1530528173640.png","index":1,"isIgnoredIfFailed":false,"type":"TEST_STEP","name":"click","message":"Unable to click on object \u0027Object Repository/Dashboard/userFoto\u0027 (Root cause: org.openqa.selenium.WebDriverException: unknown error: Element \u003cdiv class\u003d\"Fb-I\" title\u003d\"Auto QA\" data-xpath\u003d\"header-profile-img\" style\u003d\"background-image: url(\u0026quot;https://dtckk9d3u5sj1.cloudfront.net/h60_max_w60/a6b455cd-ecfb-4b5e-bb4a-634d9fd19a2f\u0026quot;);\"\u003e\u003c/div\u003e is not clickable at point (998, 34). Other element would receive the click: \u003chtml class\u003d\"no-js\" lang\u003d\"en\" data-reactroot\u003d\"\"\u003e...\u003c/html\u003e\n  (Session info: chrome\u003d67.0.3396.99)\n  (Driver info: chromedriver\u003d2.35.528161 (5b82f2d2aae0ca24b877009200ced9065a772e73),platform\u003dWindows NT 6.3.9600 x86_64) (WARNING: The server did not provide any stacktrace information)\nCommand duration or timeout: 0 milliseconds\nBuild info: version: \u00273.7.1\u0027, revision: \u00278a0099a\u0027, time: \u00272017-11-06T21:07:36.161Z\u0027\nSystem info: host: \u0027ENVY-6\u0027, ip: \u0027192.168.0.104\u0027, os.name: \u0027Windows 8.1\u0027, os.arch: \u0027amd64\u0027, os.version: \u00276.3\u0027, java.version: \u00271.8.0_102\u0027\nDriver info: com.kms.katalon.selenium.driver.CChromeDriver\nCapabilities {acceptInsecureCerts: false, acceptSslCerts: false, applicationCacheEnabled: false, browserConnectionEnabled: false, browserName: chrome, chrome: {chromedriverVersion: 2.35.528161 (5b82f2d2aae0ca..., userDataDir: C:\\Users\\Karina\\AppData\\Loc...}, cssSelectorsEnabled: true, databaseEnabled: false, handlesAlerts: true, hasTouchScreen: false, javascriptEnabled: true, locationContextEnabled: true, mobileEmulationEnabled: false, nativeEvents: true, networkConnectionEnabled: false, pageLoadStrategy: normal, platform: XP, platformName: XP, rotatable: false, setWindowRect: true, takesHeapSnapshot: true, takesScreenshot: true, unexpectedAlertBehaviour: , unhandledPromptBehavior: , version: 67.0.3396.99, webStorageEnabled: true}\nSession ID: 55d568693af0d263d5740e375a8f45e4)","description":"","startTime":1530528173534,"endTime":1530528174200,"childRecords":[{"testStatus":{"stackTrace":"","statusValue":"FAILED"},"attachment":"1530528173640.png","type":"MESSAGE","name":"","message":"Unable to click on object \u0027Object Repository/Dashboard/userFoto\u0027 (Root cause: org.openqa.selenium.WebDriverException: unknown error: Element \u003cdiv class\u003d\"Fb-I\" title\u003d\"Auto QA\" data-xpath\u003d\"header-profile-img\" style\u003d\"background-image: url(\u0026quot;https://dtckk9d3u5sj1.cloudfront.net/h60_max_w60/a6b455cd-ecfb-4b5e-bb4a-634d9fd19a2f\u0026quot;);\"\u003e\u003c/div\u003e is not clickable at point (998, 34). Other element would receive the click: \u003chtml class\u003d\"no-js\" lang\u003d\"en\" data-reactroot\u003d\"\"\u003e...\u003c/html\u003e\n  (Session info: chrome\u003d67.0.3396.99)\n  (Driver info: chromedriver\u003d2.35.528161 (5b82f2d2aae0ca24b877009200ced9065a772e73),platform\u003dWindows NT 6.3.9600 x86_64) (WARNING: The server did not provide any stacktrace information)\nCommand duration or timeout: 0 milliseconds\nBuild info: version: \u00273.7.1\u0027, revision: \u00278a0099a\u0027, time: \u00272017-11-06T21:07:36.161Z\u0027\nSystem info: host: \u0027ENVY-6\u0027, ip: \u0027192.168.0.104\u0027, os.name: \u0027Windows 8.1\u0027, os.arch: \u0027amd64\u0027, os.version: \u00276.3\u0027, java.version: \u00271.8.0_102\u0027\nDriver info: com.kms.katalon.selenium.driver.CChromeDriver\nCapabilities {acceptInsecureCerts: false, acceptSslCerts: false, applicationCacheEnabled: false, browserConnectionEnabled: false, browserName: chrome, chrome: {chromedriverVersion: 2.35.528161 (5b82f2d2aae0ca..., userDataDir: C:\\Users\\Karina\\AppData\\Loc...}, cssSelectorsEnabled: true, databaseEnabled: false, handlesAlerts: true, hasTouchScreen: false, javascriptEnabled: true, locationContextEnabled: true, mobileEmulationEnabled: false, nativeEvents: true, networkConnectionEnabled: false, pageLoadStrategy: normal, platform: XP, platformName: XP, rotatable: false, setWindowRect: true, takesHeapSnapshot: true, takesScreenshot: true, unexpectedAlertBehaviour: , unhandledPromptBehavior: , version: 67.0.3396.99, webStorageEnabled: true}\nSession ID: 55d568693af0d263d5740e375a8f45e4)","startTime":1530528174194,"endTime":0,"childRecords":[],"interuppted":false}],"interuppted":false},{"testStatus":{"stackTrace":"","statusValue":"FAILED"},"type":"MESSAGE","name":"","message":"Test Cases/OpenProfilePage FAILED because (of) Unable to click on object \u0027Object Repository/Dashboard/userFoto\u0027 (Root cause: org.openqa.selenium.WebDriverException: unknown error: Element \u003cdiv class\u003d\"Fb-I\" title\u003d\"Auto QA\" data-xpath\u003d\"header-profile-img\" style\u003d\"background-image: url(\u0026quot;https://dtckk9d3u5sj1.cloudfront.net/h60_max_w60/a6b455cd-ecfb-4b5e-bb4a-634d9fd19a2f\u0026quot;);\"\u003e\u003c/div\u003e is not clickable at point (998, 34). Other element would receive the click: \u003chtml class\u003d\"no-js\" lang\u003d\"en\" data-reactroot\u003d\"\"\u003e...\u003c/html\u003e\n  (Session info: chrome\u003d67.0.3396.99)\n  (Driver info: chromedriver\u003d2.35.528161 (5b82f2d2aae0ca24b877009200ced9065a772e73),platform\u003dWindows NT 6.3.9600 x86_64) (WARNING: The server did not provide any stacktrace information)\nCommand duration or timeout: 0 milliseconds\nBuild info: version: \u00273.7.1\u0027, revision: \u00278a0099a\u0027, time: \u00272017-11-06T21:07:36.161Z\u0027\nSystem info: host: \u0027ENVY-6\u0027, ip: \u0027192.168.0.104\u0027, os.name: \u0027Windows 8.1\u0027, os.arch: \u0027amd64\u0027, os.version: \u00276.3\u0027, java.version: \u00271.8.0_102\u0027\nDriver info: com.kms.katalon.selenium.driver.CChromeDriver\nCapabilities {acceptInsecureCerts: false, acceptSslCerts: false, applicationCacheEnabled: false, browserConnectionEnabled: false, browserName: chrome, chrome: {chromedriverVersion: 2.35.528161 (5b82f2d2aae0ca..., userDataDir: C:\\Users\\Karina\\AppData\\Loc...}, cssSelectorsEnabled: true, databaseEnabled: false, handlesAlerts: true, hasTouchScreen: false, javascriptEnabled: true, locationContextEnabled: true, mobileEmulationEnabled: false, nativeEvents: true, networkConnectionEnabled: false, pageLoadStrategy: normal, platform: XP, platformName: XP, rotatable: false, setWindowRect: true, takesHeapSnapshot: true, takesScreenshot: true, unexpectedAlertBehaviour: , unhandledPromptBehavior: , version: 67.0.3396.99, webStorageEnabled: true}\nSession ID: 55d568693af0d263d5740e375a8f45e4)","startTime":1530528174201,"endTime":0,"childRecords":[],"interuppted":false}],"interuppted":false},{"isOptional":false,"type":"TEST_CASE","name":"Test Cases/LogOut","id":"Test Cases/LogOut","source":"D:\\\\work\\\\KatalonAcropliaWeb\\\\Test Cases\\\\LogOut.tc","message":"Test Cases/LogOut","description":"","startTime":1530528174207,"endTime":1530528174748,"childRecords":[{"testStatus":{"stackTrace":"","statusValue":"INFO"},"type":"MESSAGE","name":"","message":"Evaluating variables for test case","startTime":1530528174222,"endTime":0,"childRecords":[],"interuppted":false},{"index":1,"isIgnoredIfFailed":false,"type":"TEST_STEP","name":"click","message":"Object: \u0027Object Repository/Dashboard/userFoto\u0027 is clicked on","description":"","startTime":1530528174403,"endTime":1530528174607,"childRecords":[{"testStatus":{"stackTrace":"","statusValue":"PASSED"},"type":"MESSAGE","name":"","message":"Object: \u0027Object Repository/Dashboard/userFoto\u0027 is clicked on","startTime":1530528174606,"endTime":0,"childRecords":[],"interuppted":false}],"interuppted":false},{"index":2,"isIgnoredIfFailed":false,"type":"TEST_STEP","name":"waitForElementPresent","message":"Object \u0027Object Repository/Dashboard/ContextMenu/context_menu\u0027 is present","description":"","startTime":1530528174607,"endTime":1530528174643,"childRecords":[{"testStatus":{"stackTrace":"","statusValue":"WARNING"},"type":"MESSAGE","name":"","message":"Timeout \u00270\u0027 is invalid. Using default page load timeout: \u002730\u0027","startTime":1530528174615,"endTime":0,"childRecords":[],"interuppted":false},{"testStatus":{"stackTrace":"","statusValue":"PASSED"},"type":"MESSAGE","name":"","message":"Object \u0027Object Repository/Dashboard/ContextMenu/context_menu\u0027 is present","startTime":1530528174642,"endTime":0,"childRecords":[],"interuppted":false}],"interuppted":false},{"index":3,"isIgnoredIfFailed":false,"type":"TEST_STEP","name":"click","message":"Object: \u0027Object Repository/Dashboard/ContextMenu/sign_out\u0027 is clicked on","description":"","startTime":1530528174643,"endTime":1530528174747,"childRecords":[{"testStatus":{"stackTrace":"","statusValue":"PASSED"},"type":"MESSAGE","name":"","message":"Object: \u0027Object Repository/Dashboard/ContextMenu/sign_out\u0027 is clicked on","startTime":1530528174746,"endTime":0,"childRecords":[],"interuppted":false}],"interuppted":false},{"testStatus":{"stackTrace":"","statusValue":"PASSED"},"type":"MESSAGE","name":"","message":"Test Cases/LogOut","startTime":1530528174747,"endTime":0,"childRecords":[],"interuppted":false}],"interuppted":false}],"interuppted":false}